{"D:\\mic\\programming\\Jest\\createStore.js": {"path":"D:\\mic\\programming\\Jest\\createStore.js","statementMap":{"0":{"start":{"line":4,"column":21},"end":{"line":6,"column":3}}},"fnMap":{},"branchMap":{},"s":{"0":1},"f":{},"b":{},"_coverageSchema":"332fd63041d2c1bcb487cc26dd0d5f7d97098a6c","hash":"16965113e31d5d75d80883cc6e9c1b9699038fe1"}
,"D:\\mic\\programming\\Jest\\actions\\home.js": {"path":"D:\\mic\\programming\\Jest\\actions\\home.js","statementMap":{"0":{"start":{"line":1,"column":27},"end":{"line":7,"column":1}},"1":{"start":{"line":2,"column":3},"end":{"line":5,"column":5}}},"fnMap":{"0":{"name":"(anonymous_0)","decl":{"start":{"line":1,"column":27},"end":{"line":1,"column":28}},"loc":{"start":{"line":1,"column":37},"end":{"line":7,"column":1}},"line":1}},"branchMap":{},"s":{"0":2,"1":2},"f":{"0":2},"b":{},"_coverageSchema":"332fd63041d2c1bcb487cc26dd0d5f7d97098a6c","hash":"a49735d425a982df300359edab337770b68590db"}
,"D:\\mic\\programming\\Jest\\containers\\Home.js": {"path":"D:\\mic\\programming\\Jest\\containers\\Home.js","statementMap":{"0":{"start":{"line":7,"column":21},"end":{"line":7,"column":26}},"1":{"start":{"line":8,"column":4},"end":{"line":10,"column":5}},"2":{"start":{"line":14,"column":20},"end":{"line":14,"column":38}},"3":{"start":{"line":15,"column":4},"end":{"line":17,"column":5}}},"fnMap":{"0":{"name":"mapStateToProps","decl":{"start":{"line":6,"column":9},"end":{"line":6,"column":24}},"loc":{"start":{"line":6,"column":32},"end":{"line":11,"column":1}},"line":6},"1":{"name":"mapDispatchToProps","decl":{"start":{"line":13,"column":9},"end":{"line":13,"column":27}},"loc":{"start":{"line":13,"column":38},"end":{"line":18,"column":1}},"line":13}},"branchMap":{},"s":{"0":4,"1":4,"2":2,"3":2},"f":{"0":4,"1":2},"b":{},"_coverageSchema":"332fd63041d2c1bcb487cc26dd0d5f7d97098a6c","hash":"b24a54187f1a994bbace0093d796e6633a504e25"}
,"D:\\mic\\programming\\Jest\\reducers\\home.js": {"path":"D:\\mic\\programming\\Jest\\reducers\\home.js","statementMap":{"0":{"start":{"line":2,"column":30},"end":{"line":2,"column":36}},"1":{"start":{"line":3,"column":4},"end":{"line":8,"column":5}},"2":{"start":{"line":5,"column":8},"end":{"line":5,"column":40}},"3":{"start":{"line":7,"column":8},"end":{"line":7,"column":21}}},"fnMap":{"0":{"name":"home","decl":{"start":{"line":1,"column":24},"end":{"line":1,"column":28}},"loc":{"start":{"line":1,"column":49},"end":{"line":9,"column":1}},"line":1}},"branchMap":{"0":{"loc":{"start":{"line":1,"column":29},"end":{"line":1,"column":39}},"type":"default-arg","locations":[{"start":{"line":1,"column":37},"end":{"line":1,"column":39}}],"line":1},"1":{"loc":{"start":{"line":3,"column":4},"end":{"line":8,"column":5}},"type":"switch","locations":[{"start":{"line":4,"column":8},"end":{"line":5,"column":40}},{"start":{"line":6,"column":8},"end":{"line":7,"column":21}}],"line":3}},"s":{"0":4,"1":4,"2":1,"3":3},"f":{"0":4},"b":{"0":[3],"1":[1,3]},"_coverageSchema":"332fd63041d2c1bcb487cc26dd0d5f7d97098a6c","hash":"7b1dc8cc8b513e8d319bbf2f101d8d6e20b3d73f"}
,"D:\\mic\\programming\\Jest\\views\\HomeView.js": {"path":"D:\\mic\\programming\\Jest\\views\\HomeView.js","statementMap":{"0":{"start":{"line":5,"column":8},"end":{"line":5,"column":21}},"1":{"start":{"line":8,"column":25},"end":{"line":8,"column":35}},"2":{"start":{"line":9,"column":25},"end":{"line":9,"column":29}},"3":{"start":{"line":10,"column":8},"end":{"line":15,"column":9}},"4":{"start":{"line":12,"column":39},"end":{"line":12,"column":53}},"5":{"start":{"line":18,"column":28},"end":{"line":18,"column":38}},"6":{"start":{"line":19,"column":8},"end":{"line":19,"column":43}}},"fnMap":{"0":{"name":"(anonymous_0)","decl":{"start":{"line":4,"column":4},"end":{"line":4,"column":5}},"loc":{"start":{"line":4,"column":23},"end":{"line":6,"column":5}},"line":4},"1":{"name":"(anonymous_1)","decl":{"start":{"line":7,"column":4},"end":{"line":7,"column":5}},"loc":{"start":{"line":7,"column":13},"end":{"line":16,"column":5}},"line":7},"2":{"name":"(anonymous_2)","decl":{"start":{"line":12,"column":33},"end":{"line":12,"column":34}},"loc":{"start":{"line":12,"column":39},"end":{"line":12,"column":53}},"line":12},"3":{"name":"(anonymous_3)","decl":{"start":{"line":17,"column":4},"end":{"line":17,"column":5}},"loc":{"start":{"line":17,"column":14},"end":{"line":20,"column":5}},"line":17}},"branchMap":{},"s":{"0":2,"1":4,"2":4,"3":4,"4":1,"5":1,"6":1},"f":{"0":2,"1":4,"2":1,"3":1},"b":{},"_coverageSchema":"332fd63041d2c1bcb487cc26dd0d5f7d97098a6c","hash":"6a4b829679118e407b4440f7deab10c495a2edca"}
}
