TN:
SF:D:\mic\programming\Jest\createStore.js
FNF:0
FNH:0
DA:4,1
LF:1
LH:1
BRF:0
BRH:0
end_of_record
TN:
SF:D:\mic\programming\Jest\actions\home.js
FN:1,(anonymous_0)
FNF:1
FNH:1
FNDA:2,(anonymous_0)
DA:1,2
DA:2,2
LF:2
LH:2
BRF:0
BRH:0
end_of_record
TN:
SF:D:\mic\programming\Jest\containers\Home.js
FN:6,mapStateToProps
FN:13,mapDispatchToProps
FNF:2
FNH:2
FNDA:4,mapStateToProps
FNDA:2,mapDispatchToProps
DA:7,4
DA:8,4
DA:14,2
DA:15,2
LF:4
LH:4
BRF:0
BRH:0
end_of_record
TN:
SF:D:\mic\programming\Jest\reducers\home.js
FN:1,home
FNF:1
FNH:1
FNDA:4,home
DA:2,4
DA:3,4
DA:5,1
DA:7,3
LF:4
LH:4
BRDA:1,0,0,3
BRDA:3,1,0,1
BRDA:3,1,1,3
BRF:3
BRH:3
end_of_record
TN:
SF:D:\mic\programming\Jest\views\HomeView.js
FN:4,(anonymous_0)
FN:7,(anonymous_1)
FN:12,(anonymous_2)
FN:17,(anonymous_3)
FNF:4
FNH:4
FNDA:2,(anonymous_0)
FNDA:4,(anonymous_1)
FNDA:1,(anonymous_2)
FNDA:1,(anonymous_3)
DA:5,2
DA:8,4
DA:9,4
DA:10,4
DA:12,1
DA:18,1
DA:19,1
LF:7
LH:7
BRF:0
BRH:0
end_of_record
